<?xml version="1.0" encoding="UTF-8"?>
<coverage generated="1774496684701" clover="3.2.0">
  <project timestamp="1774496684701" name="All files">
    <metrics statements="38" coveredstatements="7" conditionals="20" coveredconditionals="5" methods="17" coveredmethods="5" elements="75" coveredelements="17" complexity="0" loc="38" ncloc="38" packages="2" files="2" classes="2"/>
    <package name="components">
      <metrics statements="6" coveredstatements="6" conditionals="10" coveredconditionals="5" methods="5" coveredmethods="4"/>
      <file name="HeartbeatMonitor.tsx" path="/home/lg/lab/tricked/ui/src/components/HeartbeatMonitor.tsx">
        <metrics statements="6" coveredstatements="6" conditionals="10" coveredconditionals="5" methods="5" coveredmethods="4"/>
        <line num="7" count="1" type="stmt"/>
        <line num="8" count="1" type="stmt"/>
        <line num="10" count="1" type="stmt"/>
        <line num="13" count="1" type="cond" truecount="1" falsecount="1"/>
        <line num="16" count="1" type="cond" truecount="1" falsecount="1"/>
        <line num="18" count="1" type="stmt"/>
      </file>
    </package>
    <package name="store">
      <metrics statements="32" coveredstatements="1" conditionals="10" coveredconditionals="0" methods="12" coveredmethods="1"/>
      <file name="useEngineStore.ts" path="/home/lg/lab/tricked/ui/src/store/useEngineStore.ts">
        <metrics statements="32" coveredstatements="1" conditionals="10" coveredconditionals="0" methods="12" coveredmethods="1"/>
        <line num="30" count="1" type="stmt"/>
        <line num="40" count="0" type="cond" truecount="0" falsecount="2"/>
        <line num="41" count="0" type="stmt"/>
        <line num="43" count="0" type="stmt"/>
        <line num="44" count="0" type="stmt"/>
        <line num="45" count="0" type="stmt"/>
        <line num="47" count="0" type="stmt"/>
        <line num="48" count="0" type="stmt"/>
        <line num="49" count="0" type="stmt"/>
        <line num="50" count="0" type="cond" truecount="0" falsecount="4"/>
        <line num="51" count="0" type="stmt"/>
        <line num="53" count="0" type="cond" truecount="0" falsecount="2"/>
        <line num="54" count="0" type="stmt"/>
        <line num="57" count="0" type="stmt"/>
        <line num="60" count="0" type="stmt"/>
        <line num="61" count="0" type="stmt"/>
        <line num="62" count="0" type="stmt"/>
        <line num="63" count="0" type="stmt"/>
        <line num="64" count="0" type="stmt"/>
        <line num="69" count="0" type="stmt"/>
        <line num="74" count="0" type="stmt"/>
        <line num="78" count="0" type="stmt"/>
        <line num="79" count="0" type="stmt"/>
        <line num="83" count="0" type="stmt"/>
        <line num="84" count="0" type="stmt"/>
        <line num="88" count="0" type="stmt"/>
        <line num="89" count="0" type="stmt"/>
        <line num="90" count="0" type="stmt"/>
        <line num="94" count="0" type="cond" truecount="0" falsecount="2"/>
        <line num="95" count="0" type="stmt"/>
        <line num="97" count="0" type="stmt"/>
        <line num="102" count="0" type="stmt"/>
      </file>
    </package>
  </project>
</coverage>
